#
# There is insufficient memory for the Java Runtime Environment to continue.
# Native memory allocation (mmap) failed to map 134217728 bytes for Failed to commit area from 0x00000000d1200000 to 0x00000000d9200000 of length 134217728.
# Possible reasons:
#   The system is out of physical RAM or swap space
#   The process is running with CompressedOops enabled, and the Java Heap may be blocking the growth of the native heap
# Possible solutions:
#   Reduce memory load on the system
#   Increase physical memory or swap space
#   Check if swap backing store is full
#   Decrease Java heap size (-Xmx/-Xms)
#   Decrease number of Java threads
#   Decrease Java thread stack sizes (-Xss)
#   Set larger code cache with -XX:ReservedCodeCacheSize=
# This output file may be truncated or incomplete.
#
#  Out of Memory Error (./src/hotspot/os/windows/os_windows.cpp:3301), pid=5644, tid=8776
#
# JRE version:  (11.0.10+9) (build )
# Java VM: Dynamic Code Evolution 64-Bit Server VM (11.0.10+9-b1341.35, mixed mode, sharing, tiered, compressed oops, g1 gc, windows-amd64)
# No core dump will be written. Minidumps are not enabled by default on client versions of Windows
#

---------------  S U M M A R Y ------------

Command Line: -Djava.rmi.server.hostname=127.0.0.1 -Duser.timezone=UTC -Xmx750m -Xms128m -Dfile.encoding=UTF-8 com.intellij.database.remote.RemoteJdbcServer com.mysql.cj.jdbc.Driver

Host: Intel(R) Core(TM) i7-3687U CPU @ 2.10GHz, 4 cores, 3G,  Windows 10 , 64 bit Build 18362 (10.0.18362.1350)
Time: Tue May  4 11:23:21 2021 SE Asia Standard Time elapsed time: 0.083873 seconds (0d 0h 0m 0s)

---------------  T H R E A D  ---------------

Current thread (0x000002ad5b559000):  JavaThread "Unknown thread" [_thread_in_vm, id=8776, stack(0x000000fdd2800000,0x000000fdd2900000)]

Stack: [0x000000fdd2800000,0x000000fdd2900000]
Native frames: (J=compiled Java code, j=interpreted, Vv=VM code, C=native code)
V  [jvm.dll+0x5f84fa]
V  [jvm.dll+0x77e085]
V  [jvm.dll+0x77f5dd]
V  [jvm.dll+0x77fc93]
V  [jvm.dll+0x2457e8]
V  [jvm.dll+0x5f58f4]
V  [jvm.dll+0x5ea975]
V  [jvm.dll+0x30228b]
V  [jvm.dll+0x3021fa]
V  [jvm.dll+0x3020d2]
V  [jvm.dll+0x306fb6]
V  [jvm.dll+0x34f843]
V  [jvm.dll+0x34ff46]
V  [jvm.dll+0x34f943]
V  [jvm.dll+0x2dbcb8]
V  [jvm.dll+0x2dce57]
V  [jvm.dll+0x75c4d7]
V  [jvm.dll+0x75dd6c]
V  [jvm.dll+0x35cdb9]
V  [jvm.dll+0x73fc9e]
V  [jvm.dll+0x3c5663]
V  [jvm.dll+0x3c7a21]
C  [jli.dll+0x5373]
C  [ucrtbase.dll+0x210b2]
C  [KERNEL32.DLL+0x17c24]
C  [ntdll.dll+0x6d721]


---------------  P R O C E S S  ---------------

Threads class SMR info:
_java_thread_list=0x000002ad59364890, length=0, elements={
}

Java Threads: ( => current thread )

Other Threads:
  0x000002ad5b572000 GCTaskThread "GC Thread#0" [stack: 0x000000fdd2900000,0x000000fdd2a00000] [id=3704]
  0x000002ad5b589000 ConcurrentGCThread "G1 Main Marker" [stack: 0x000000fdd2a00000,0x000000fdd2b00000] [id=6960]
  0x000002ad5b58a800 ConcurrentGCThread "G1 Conc#0" [stack: 0x000000fdd2b00000,0x000000fdd2c00000] [id=7084]

[error occurred during error reporting (printing all threads), id 0xc0000005, EXCEPTION_ACCESS_VIOLATION (0xc0000005) at pc=0x00007ffee3cfc437]

VM state:not at safepoint (not fully initialized)

VM Mutex/Monitor currently owned by a thread:  ([mutex/lock_event])
[0x000002ad5b5572a0] Heap_lock - owner thread: 0x000002ad5b559000

Heap address: 0x00000000d1200000, size: 750 MB, Compressed Oops mode: Non-zero based: 0x00000000d1200000
Narrow klass base: 0x0000000000000000, Narrow klass shift: 0

GC Heap History (0 events):
No events

Deoptimization events (0 events):
No events

Classes redefined (0 events):
No events

Internal exceptions (0 events):
No events

Events (1 events):
Event: 0.049 Loaded shared library C:\Program Files\JetBrains\IntelliJ IDEA 2020.3\jbr\bin\zip.dll


Dynamic libraries:
0x00007ff65cef0000 - 0x00007ff65cefa000 	C:\Program Files\JetBrains\IntelliJ IDEA 2020.3\jbr\bin\java.exe
0x00007fff20400000 - 0x00007fff205f0000 	C:\WINDOWS\SYSTEM32\ntdll.dll
0x00007fff1f6d0000 - 0x00007fff1f782000 	C:\WINDOWS\System32\KERNEL32.DLL
0x00007fff1d790000 - 0x00007fff1da35000 	C:\WINDOWS\System32\KERNELBASE.dll
0x00007fff1dc30000 - 0x00007fff1dd2a000 	C:\WINDOWS\System32\ucrtbase.dll
0x00007fff11770000 - 0x00007fff11787000 	C:\Program Files\JetBrains\IntelliJ IDEA 2020.3\jbr\bin\VCRUNTIME140.dll
0x00007fff098e0000 - 0x00007fff098f9000 	C:\Program Files\JetBrains\IntelliJ IDEA 2020.3\jbr\bin\jli.dll
0x00007fff1f3d0000 - 0x00007fff1f564000 	C:\WINDOWS\System32\USER32.dll
0x00007fff1d3d0000 - 0x00007fff1d3f1000 	C:\WINDOWS\System32\win32u.dll
0x00007fff1f390000 - 0x00007fff1f3b6000 	C:\WINDOWS\System32\GDI32.dll
0x00007fff1d5f0000 - 0x00007fff1d788000 	C:\WINDOWS\System32\gdi32full.dll
0x00007fff1db90000 - 0x00007fff1dc2e000 	C:\WINDOWS\System32\msvcp_win.dll
0x00007fff077e0000 - 0x00007fff07a64000 	C:\WINDOWS\WinSxS\amd64_microsoft.windows.common-controls_6595b64144ccf1df_6.0.18362.1440_none_9e7dbfb9e45e8e67\COMCTL32.dll
0x00007fff1fc10000 - 0x00007fff1fcae000 	C:\WINDOWS\System32\msvcrt.dll
0x00007fff1f8d0000 - 0x00007fff1fc06000 	C:\WINDOWS\System32\combase.dll
0x00007fff1fe30000 - 0x00007fff1ff4f000 	C:\WINDOWS\System32\RPCRT4.dll
0x00007fff1d400000 - 0x00007fff1d481000 	C:\WINDOWS\System32\bcryptPrimitives.dll
0x00007fff1f5e0000 - 0x00007fff1f60e000 	C:\WINDOWS\System32\IMM32.DLL
0x00007fff066d0000 - 0x00007fff0676d000 	C:\Program Files\JetBrains\IntelliJ IDEA 2020.3\jbr\bin\msvcp140.dll
0x00007ffee3a10000 - 0x00007ffee455f000 	C:\Program Files\JetBrains\IntelliJ IDEA 2020.3\jbr\bin\server\jvm.dll
0x00007fff1fd10000 - 0x00007fff1fdb3000 	C:\WINDOWS\System32\ADVAPI32.dll
0x00007fff1f610000 - 0x00007fff1f6a7000 	C:\WINDOWS\System32\sechost.dll
0x00007fff1eba0000 - 0x00007fff1eba8000 	C:\WINDOWS\System32\PSAPI.DLL
0x00007fff17e40000 - 0x00007fff17e49000 	C:\WINDOWS\SYSTEM32\WSOCK32.dll
0x00007fff1fdc0000 - 0x00007fff1fe2f000 	C:\WINDOWS\System32\WS2_32.dll
0x00007fff19c70000 - 0x00007fff19c94000 	C:\WINDOWS\SYSTEM32\WINMM.dll
0x00007fff11020000 - 0x00007fff1102a000 	C:\WINDOWS\SYSTEM32\VERSION.dll
0x00007fff19c40000 - 0x00007fff19c6d000 	C:\WINDOWS\SYSTEM32\winmmbase.dll
0x00007fff1db10000 - 0x00007fff1db5a000 	C:\WINDOWS\System32\cfgmgr32.dll
0x00007fff1d350000 - 0x00007fff1d361000 	C:\WINDOWS\System32\kernel.appcore.dll
0x00007fff19d40000 - 0x00007fff19d51000 	C:\Program Files\JetBrains\IntelliJ IDEA 2020.3\jbr\bin\verify.dll
0x00007fff1bc70000 - 0x00007fff1be64000 	C:\WINDOWS\SYSTEM32\DBGHELP.DLL
0x00007fff10500000 - 0x00007fff1052a000 	C:\WINDOWS\SYSTEM32\dbgcore.DLL
0x00007fff15b40000 - 0x00007fff15b69000 	C:\Program Files\JetBrains\IntelliJ IDEA 2020.3\jbr\bin\java.dll
0x00007fff15f50000 - 0x00007fff15f5b000 	C:\Program Files\JetBrains\IntelliJ IDEA 2020.3\jbr\bin\jimage.dll
0x00007fff15f20000 - 0x00007fff15f38000 	C:\Program Files\JetBrains\IntelliJ IDEA 2020.3\jbr\bin\zip.dll

dbghelp: loaded successfully - version: 4.0.5 - missing functions: none
symbol engine: initialized successfully - sym options: 0x614 - pdb path: .;C:\Program Files\JetBrains\IntelliJ IDEA 2020.3\jbr\bin;C:\WINDOWS\SYSTEM32;C:\WINDOWS\WinSxS\amd64_microsoft.windows.common-controls_6595b64144ccf1df_6.0.18362.1440_none_9e7dbfb9e45e8e67;C:\Program Files\JetBrains\IntelliJ IDEA 2020.3\jbr\bin\server

VM Arguments:
jvm_args: -Djava.rmi.server.hostname=127.0.0.1 -Duser.timezone=UTC -Xmx750m -Xms128m -Dfile.encoding=UTF-8 
java_command: com.intellij.database.remote.RemoteJdbcServer com.mysql.cj.jdbc.Driver
java_class_path (initial): C:\Program Files\JetBrains\IntelliJ IDEA 2020.3\lib\util.jar;C:\Program Files\JetBrains\IntelliJ IDEA 2020.3\lib\trove4j.jar;C:\Program Files\JetBrains\IntelliJ IDEA 2020.3\lib\groovy-2.5.11.jar;C:\Program Files\JetBrains\IntelliJ IDEA 2020.3\plugins\DatabaseTools\lib\jdbc-console.jar;C:\Users\thanh\AppData\Roaming\JetBrains\IntelliJIdea2021.1\jdbc-drivers\MySQL ConnectorJ\8.0.21\mysql-connector-java-8.0.21.jar
Launcher Type: SUN_STANDARD

[Global flags]
     intx CICompilerCount                          = 3                                         {product} {ergonomic}
     uint ConcGCThreads                            = 1                                         {product} {ergonomic}
     uint G1ConcRefinementThreads                  = 4                                         {product} {ergonomic}
   size_t G1HeapRegionSize                         = 1048576                                   {product} {ergonomic}
    uintx GCDrainStackTargetSize                   = 64                                        {product} {ergonomic}
   size_t InitialHeapSize                          = 134217728                                 {product} {command line}
   size_t MarkStackSize                            = 4194304                                   {product} {ergonomic}
   size_t MaxHeapSize                              = 786432000                                 {product} {command line}
   size_t MinHeapDeltaBytes                        = 1048576                                   {product} {ergonomic}
    uintx NonNMethodCodeHeapSize                   = 5830732                                {pd product} {ergonomic}
    uintx NonProfiledCodeHeapSize                  = 122913754                              {pd product} {ergonomic}
    uintx ProfiledCodeHeapSize                     = 122913754                              {pd product} {ergonomic}
    uintx ReservedCodeCacheSize                    = 251658240                              {pd product} {ergonomic}
     bool SegmentedCodeCache                       = true                                      {product} {ergonomic}
     bool UseCompressedClassPointers               = true                                 {lp64_product} {ergonomic}
     bool UseCompressedOops                        = true                                 {lp64_product} {ergonomic}
     bool UseG1GC                                  = true                                      {product} {ergonomic}
     bool UseLargePagesIndividualAllocation        = false                                  {pd product} {ergonomic}

Logging:
Log output configuration:
 #0: stdout all=warning uptime,level,tags
 #1: stderr all=off uptime,level,tags

Environment Variables:
JAVA_HOME=C:\Users\thanh\AppData\Local\Programs\AdoptOpenJDK\jdk-11.0.9.101-hotspot\
PATH=C:\Program Files (x86)\Common Files\Oracle\Java\javapath;C:\WINDOWS\system32;C:\WINDOWS;C:\WINDOWS\System32\Wbem;C:\WINDOWS\System32\WindowsPowerShell\v1.0\;C:\WINDOWS\System32\OpenSSH\;C:\Program Files\Git\cmd;C:\Program Files\nodejs\;C:\Users\thanh\AppData\Local\Programs\AdoptOpenJDK\jdk-11.0.9.101-hotspot\bin;C:\Users\thanh\AppData\Local\Microsoft\WindowsApps;C:\Users\thanh\AppData\Local\GitHubDesktop\bin;C:\Users\thanh\AppData\Local\Programs\Microsoft VS Code\bin;C:\Users\thanh\AppData\Roaming\npm
USERNAME=thanh
OS=Windows_NT
PROCESSOR_IDENTIFIER=Intel64 Family 6 Model 58 Stepping 9, GenuineIntel



---------------  S Y S T E M  ---------------

OS: Windows 10 , 64 bit Build 18362 (10.0.18362.1350)
OS uptime: 2 days 21:48 hours

CPU:total 4 (initial active 4) (2 cores per cpu, 2 threads per core) family 6 model 58 stepping 9 microcode 0x21, cmov, cx8, fxsr, mmx, sse, sse2, sse3, ssse3, sse4.1, sse4.2, popcnt, avx, aes, clmul, erms, ht, tsc, tscinvbit, tscinv

Memory: 4k page, system-wide physical 3966M (49M free)
TotalPageFile size 13074M (AvailPageFile size 137M)
current process WorkingSet (physical memory assigned to process): 9M, peak: 9M
current process commit charge ("private bytes"): 51M, peak: 179M

vm_info: Dynamic Code Evolution 64-Bit Server VM (11.0.10+9-b1341.35) for windows-amd64 JRE (11.0.10+9-b1341.35), built on Mar 31 2021 02:11:12 by "" with MS VC++ 14.0 (VS2015)

END.
